TN:
SF:/Users/todd/src/presentations/quality-job-one/demo/mocha-reverse-sort.js
FN:5,(anonymous_1)
FN:6,(anonymous_2)
FN:9,(anonymous_3)
FN:12,(anonymous_4)
FNF:4
FNH:4
FNDA:1,(anonymous_1)
FNDA:1,(anonymous_2)
FNDA:1,(anonymous_3)
FNDA:1,(anonymous_4)
DA:2,1
DA:3,1
DA:5,1
DA:6,1
DA:7,1
DA:9,1
DA:10,1
DA:12,1
DA:13,1
LF:9
LH:9
BRF:0
BRH:0
end_of_record
TN:
SF:/Users/todd/src/presentations/quality-job-one/demo/reverse-sort.js
FN:1,(anonymous_1)
FNF:1
FNH:1
FNDA:3,(anonymous_1)
DA:1,1
DA:2,3
DA:3,1
DA:6,2
DA:7,1
DA:10,1
DA:11,1
DA:12,1
DA:13,2
DA:14,1
DA:16,0
DA:20,0
LF:12
LH:10
BRDA:2,1,0,1
BRDA:2,1,1,2
BRDA:6,2,0,1
BRDA:6,2,1,1
BRDA:10,3,0,1
BRDA:10,3,1,0
BRDA:11,4,0,1
BRDA:11,4,1,0
BRF:8
BRH:6
end_of_record
